<?xml version="1.0" encoding="UTF-8"?>
<!-- Generated by org.testng.reporters.JUnitReportReporter -->
<testsuite skipped="0" hostname="DESKTOP-FLB2E45" name="script.Test2" tests="1" failures="0" timestamp="27 Aug 2021 12:21:03 GMT" time="6.306" errors="0">
  <testcase name="Test2" time="6.306" classname="script.Test2"/>
</testsuite> <!-- script.Test2 -->
