<?xml version="1.0" encoding="UTF-8"?>
<!-- Generated by org.testng.reporters.JUnitReportReporter -->
<testsuite skipped="0" hostname="DESKTOP-FLB2E45" name="scripts.Invalidlogin" tests="2" failures="0" timestamp="28 Aug 2021 09:55:40 GMT" time="38.222" errors="0">
  <testcase name="testValidlogin" time="23.533" classname="scripts.Invalidlogin"/>
  <testcase name="testValidlogin" time="14.689" classname="scripts.Invalidlogin"/>
</testsuite> <!-- scripts.Invalidlogin -->
