<?xml version="1.0" encoding="UTF-8"?>
<!-- Generated by org.testng.reporters.JUnitReportReporter -->
<testsuite skipped="0" hostname="DESKTOP-FLB2E45" name="script.Test1" tests="1" failures="0" timestamp="27 Aug 2021 12:21:03 GMT" time="8.474" errors="0">
  <testcase name="Test1" time="8.474" classname="script.Test1"/>
</testsuite> <!-- script.Test1 -->
