<?xml version="1.0" encoding="UTF-8"?>
<!-- Generated by org.testng.reporters.JUnitReportReporter -->
<testsuite skipped="0" hostname="DESKTOP-FLB2E45" name="script1.TestHomepage" tests="1" failures="0" timestamp="04 Sep 2021 07:49:31 GMT" time="9.618" errors="0">
  <testcase name="testhomepage" time="9.618" classname="script1.TestHomepage"/>
</testsuite> <!-- script1.TestHomepage -->
