<?xml version="1.0" encoding="UTF-8"?>
<!-- Generated by org.testng.reporters.JUnitReportReporter -->
<testsuite skipped="0" hostname="DESKTOP-FLB2E45" name="scripts.Validlogin" tests="1" failures="0" timestamp="30 Aug 2021 14:48:24 GMT" time="35.529" errors="0">
  <testcase name="testValidlogin" time="35.529" classname="scripts.Validlogin"/>
</testsuite> <!-- scripts.Validlogin -->
