<?xml version="1.0" encoding="UTF-8"?>
<!-- Generated by org.testng.reporters.JUnitReportReporter -->
<testsuite skipped="0" hostname="DESKTOP-FLB2E45" name="p1.Demo1" tests="1" failures="0" timestamp="27 Aug 2021 07:20:11 GMT" time="15.047" errors="0">
  <testcase name="test" time="15.047" classname="p1.Demo1"/>
</testsuite> <!-- p1.Demo1 -->
